04/04/2017 08:26:35 PM 'Chain' object has no attribute '_ShowIptables__get_rules'
04/04/2017 08:26:35 PM +++++++++++++++++++++++++++++
04/04/2017 08:26:35 PM display:  filter INPUT
04/04/2017 08:26:35 PM +++++++++++++++++++++++++++++
04/04/2017 08:26:35 PM set iptables filter  INPUT  add  {'action': 'DROP', 'sip': '1.1.1.1', 'protocol': 'tcp', 'ointf': 'eth0', 'iintf': '', 'dport': '', 'sport': '80', 'dip': ''}
04/04/2017 08:26:35 PM +++++++++++++++++++++++++++++
04/04/2017 08:26:35 PM display:  filter INPUT
04/04/2017 08:26:35 PM +++++++++++++++++++++++++++++
04/04/2017 08:26:35 PM +++++++++++++++++++++++++++++
04/04/2017 08:26:35 PM display:  filter INPUT
04/04/2017 08:26:35 PM +++++++++++++++++++++++++++++
04/04/2017 08:26:35 PM +++++++++++++++++++++++++++++
04/04/2017 08:26:35 PM display:  filter INPUT
04/04/2017 08:26:35 PM +++++++++++++++++++++++++++++
04/04/2017 08:26:53 PM 'Chain' object has no attribute '_ShowIptables__get_rules'
04/04/2017 08:26:53 PM +++++++++++++++++++++++++++++
04/04/2017 08:26:53 PM display:  filter INPUT
04/04/2017 08:26:53 PM --------------------------
04/04/2017 08:26:53 PM set iptables filter  INPUT  add  {'action': 'DROP', 'sip': '1.1.1.1', 'protocol': 'tcp', 'ointf': 'eth0', 'iintf': '', 'dport': '', 'sport': '80', 'dip': ''}
04/04/2017 08:26:53 PM +++++++++++++++++++++++++++++
04/04/2017 08:26:53 PM display:  filter INPUT
04/04/2017 08:26:53 PM --------------------------
04/04/2017 08:26:53 PM +++++++++++++++++++++++++++++
04/04/2017 08:26:53 PM display:  filter INPUT
04/04/2017 08:26:53 PM --------------------------
04/04/2017 08:26:53 PM +++++++++++++++++++++++++++++
04/04/2017 08:26:53 PM display:  filter INPUT
04/04/2017 08:26:53 PM --------------------------
04/04/2017 08:27:01 PM 'Chain' object has no attribute '_ShowIptables__get_rules'
04/04/2017 08:27:01 PM +++++++++++++++++++++++++++++
04/04/2017 08:27:01 PM display:  filter INPUT
04/04/2017 08:27:01 PM ----------------------------
04/04/2017 08:27:01 PM set iptables filter  INPUT  add  {'action': 'DROP', 'sip': '1.1.1.1', 'protocol': 'tcp', 'ointf': 'eth0', 'iintf': '', 'dport': '', 'sport': '80', 'dip': ''}
04/04/2017 08:27:01 PM +++++++++++++++++++++++++++++
04/04/2017 08:27:01 PM display:  filter INPUT
04/04/2017 08:27:01 PM ----------------------------
04/04/2017 08:27:01 PM +++++++++++++++++++++++++++++
04/04/2017 08:27:01 PM display:  filter INPUT
04/04/2017 08:27:01 PM ----------------------------
04/04/2017 08:27:01 PM +++++++++++++++++++++++++++++
04/04/2017 08:27:01 PM display:  filter INPUT
04/04/2017 08:27:01 PM ----------------------------
04/04/2017 08:28:02 PM 'Chain' object has no attribute '_ShowIptables__get_rules'
04/04/2017 08:28:02 PM +++++++++++++++++++++++++++++
04/04/2017 08:28:02 PM display:  filter INPUT
04/04/2017 08:28:02 PM ----------------------------
04/04/2017 08:28:02 PM set iptables filter  INPUT  add  {'action': 'DROP', 'sip': '1.1.1.1', 'protocol': 'tcp', 'ointf': 'eth0', 'iintf': '', 'dport': '', 'sport': '80', 'dip': ''}
04/04/2017 08:28:02 PM +++++++++++++++++++++++++++++
04/04/2017 08:28:02 PM display:  filter INPUT
04/04/2017 08:28:02 PM ----------------------------
04/04/2017 08:28:02 PM +++++++++++++++++++++++++++++
04/04/2017 08:28:02 PM display:  filter INPUT
04/04/2017 08:28:02 PM ----------------------------
04/04/2017 08:28:15 PM 'Chain' object has no attribute '_ShowIptables__get_rules'
04/04/2017 08:28:15 PM +++++++++++++++++++++++++++++
04/04/2017 08:28:15 PM display:  filter INPUT
04/04/2017 08:28:15 PM ----------------------------
04/04/2017 08:28:15 PM set iptables filter  INPUT  add  {'action': 'DROP', 'sip': '1.1.1.1', 'protocol': 'tcp', 'ointf': 'eth0', 'iintf': '', 'dport': '', 'sport': '80', 'dip': ''}
04/04/2017 08:28:15 PM +++++++++++++++++++++++++++++
04/04/2017 08:28:15 PM display:  filter INPUT
04/04/2017 08:28:15 PM ----------------------------
04/04/2017 08:28:15 PM +++++++++++++++++++++++++++++
04/04/2017 08:28:15 PM display:  filter INPUT
04/04/2017 08:28:15 PM ----------------------------
04/04/2017 08:31:20 PM 'Chain' object has no attribute '_ShowIptables__get_rules'
04/04/2017 08:31:20 PM +++++++++++++++++++++++++++++
04/04/2017 08:31:20 PM display:  filter INPUT
04/04/2017 08:31:20 PM ----------------------------
04/04/2017 08:31:20 PM set iptables filter  INPUT  add  {'action': 'DROP', 'sip': '1.1.1.1', 'protocol': 'tcp', 'ointf': 'eth0', 'iintf': '', 'dport': '', 'sport': '80', 'dip': ''}
04/04/2017 08:31:20 PM +++++++++++++++++++++++++++++
04/04/2017 08:31:20 PM display:  filter INPUT
04/04/2017 08:31:20 PM ----------------------------
04/04/2017 08:31:20 PM +++++++++++++++++++++++++++++
04/04/2017 08:31:20 PM display:  filter INPUT
04/04/2017 08:31:20 PM ----------------------------
04/04/2017 08:32:31 PM 'Chain' object has no attribute '_ShowIptables__get_rules'
04/04/2017 08:32:31 PM +++++++++++++++++++++++++++++
04/04/2017 08:32:31 PM display:  filter INPUT
04/04/2017 08:32:31 PM ----------------------------
04/04/2017 08:32:31 PM set iptables filter  INPUT  add  {'action': 'DROP', 'sip': '1.1.1.1', 'protocol': 'tcp', 'ointf': 'eth0', 'iintf': '', 'dport': '', 'sport': '80', 'dip': ''}
04/04/2017 08:32:31 PM +++++++++++++++++++++++++++++
04/04/2017 08:32:31 PM display:  filter INPUT
04/04/2017 08:32:31 PM ----------------------------
04/04/2017 08:32:31 PM +++++++++++++++++++++++++++++
04/04/2017 08:32:31 PM display:  filter INPUT
04/04/2017 08:32:31 PM ----------------------------
04/04/2017 08:35:31 PM 'Chain' object has no attribute '_ShowIptables__get_rules'
04/04/2017 08:35:31 PM +++++++++++++++++++++++++++++
04/04/2017 08:35:31 PM display:  filter INPUT
04/04/2017 08:35:31 PM ----------------------------
04/04/2017 08:35:31 PM set iptables filter  INPUT  add  {'action': 'DROP', 'sip': '1.1.1.1', 'protocol': 'tcp', 'ointf': 'eth0', 'iintf': '', 'dport': '', 'sport': '80', 'dip': ''}
04/04/2017 08:36:06 PM 'Chain' object has no attribute '_ShowIptables__get_rules'
04/04/2017 08:36:06 PM +++++++++++++++++++++++++++++
04/04/2017 08:36:06 PM display:  filter INPUT
04/04/2017 08:36:06 PM ----------------------------
04/04/2017 08:36:06 PM set iptables filter  INPUT  add  {'action': 'DROP', 'sip': '1.1.1.1', 'protocol': 'tcp', 'ointf': 'eth0', 'iintf': '', 'dport': '', 'sport': '80', 'dip': ''}
04/04/2017 08:36:06 PM +++++++++++++++++++++++++++++
04/04/2017 08:36:06 PM display:  filter INPUT
04/04/2017 08:36:06 PM ----------------------------
04/04/2017 08:36:24 PM 'Chain' object has no attribute '_ShowIptables__get_rules'
04/04/2017 08:36:24 PM +++++++++++++++++++++++++++++
04/04/2017 08:36:24 PM display:  filter INPUT
04/04/2017 08:36:24 PM ----------------------------
04/04/2017 08:36:24 PM set iptables filter  INPUT  add  {'sip': '1.1.1.1', 'protocol': 'tcp', 'ointf': 'eth0', 'iintf': '', 'action': 'DROP', 'dsport': '', 'sport': '80', 'dip': ''}
04/04/2017 08:36:24 PM +++++++++++++++++++++++++++++
04/04/2017 08:36:24 PM display:  filter INPUT
04/04/2017 08:36:24 PM ----------------------------
04/04/2017 08:43:14 PM 'Chain' object has no attribute '_ShowIptables__get_rules'
04/04/2017 08:43:14 PM +++++++++++++++++++++++++++++
04/04/2017 08:43:14 PM display:  filter INPUT
04/04/2017 08:43:14 PM ----------------------------
04/04/2017 08:43:14 PM set iptables filter  INPUT  add  {'action': 'DROP', 'sip': '1.1.1.1', 'protocol': 'tcp', 'ointf': 'eth0', 'iintf': '', 'dport': '', 'sport': '80', 'dip': ''}
04/04/2017 08:43:33 PM 'Chain' object has no attribute '_ShowIptables__get_rules'
04/04/2017 08:43:33 PM +++++++++++++++++++++++++++++
04/04/2017 08:43:33 PM display:  filter INPUT
04/04/2017 08:43:33 PM ----------------------------
04/04/2017 08:43:33 PM set iptables filter  INPUT  add  {'action': 'DROP', 'sip': '1.1.1.1', 'protocol': 'tcp', 'ointf': 'eth0', 'iintf': '', 'dport': '', 'sport': '80', 'dip': ''}
04/04/2017 08:43:33 PM +++++++++++++++++++++++++++++
04/04/2017 08:43:33 PM display:  filter INPUT
04/04/2017 08:43:33 PM ----------------------------
04/04/2017 08:46:06 PM 'Chain' object has no attribute '_ShowIptables__get_rules'
04/04/2017 08:46:06 PM +++++++++++++++++++++++++++++
04/04/2017 08:46:06 PM display:  filter INPUT
04/04/2017 08:46:06 PM ----------------------------
04/04/2017 08:46:06 PM set iptables filter  INPUT  add  {'action': 'DROP', 'sip': '1.1.1.1', 'protocol': 'tcp', 'ointf': 'eth0', 'iintf': '', 'dport': '', 'sport': '80', 'dip': ''}
04/04/2017 08:46:06 PM +++++++++++++++++++++++++++++
04/04/2017 08:46:06 PM display:  filter INPUT
04/04/2017 08:46:06 PM ----------------------------
04/04/2017 08:46:09 PM 'Chain' object has no attribute '_ShowIptables__get_rules'
04/04/2017 08:46:09 PM +++++++++++++++++++++++++++++
04/04/2017 08:46:09 PM display:  filter INPUT
04/04/2017 08:46:09 PM ----------------------------
04/04/2017 08:46:09 PM set iptables filter  INPUT  add  {'action': 'DROP', 'sip': '1.1.1.1', 'protocol': 'tcp', 'ointf': 'eth0', 'iintf': '', 'dport': '', 'sport': '80', 'dip': ''}
04/04/2017 08:46:09 PM +++++++++++++++++++++++++++++
04/04/2017 08:46:09 PM display:  filter INPUT
04/04/2017 08:46:09 PM ----------------------------
04/04/2017 08:46:46 PM 'Chain' object has no attribute '_ShowIptables__get_rules'
04/04/2017 08:46:46 PM +++++++++++++++++++++++++++++
04/04/2017 08:46:46 PM display:  filter INPUT
04/04/2017 08:46:46 PM ----------------------------
04/04/2017 08:46:46 PM set iptables filter  INPUT  add  {'action': 'DROP', 'sip': '1.1.1.1', 'protocol': 'tcp', 'ointf': 'eth0', 'iintf': '', 'dport': '', 'sport': '80', 'dip': ''}
04/04/2017 08:46:46 PM +++++++++++++++++++++++++++++
04/04/2017 08:46:46 PM display:  filter INPUT
04/04/2017 08:46:46 PM ----------------------------
04/04/2017 08:48:55 PM 'Chain' object has no attribute '_ShowIptables__get_rules'
04/04/2017 08:48:55 PM +++++++++++++++++++++++++++++
04/04/2017 08:48:55 PM display:  filter INPUT
04/04/2017 08:48:55 PM ----------------------------
04/04/2017 08:48:55 PM set iptables filter  INPUT  add  {'action': 'DROP', 'sip': '1.1.1.1', 'protocol': 'tcp', 'ointf': 'eth0', 'iintf': '', 'dport': '', 'sport': '80', 'dip': ''}
04/04/2017 08:48:55 PM +++++++++++++++++++++++++++++
04/04/2017 08:48:55 PM display:  filter INPUT
04/04/2017 08:48:55 PM ----------------------------
04/04/2017 08:49:17 PM 'Chain' object has no attribute '_ShowIptables__get_rules'
04/04/2017 08:49:17 PM +++++++++++++++++++++++++++++
04/04/2017 08:49:17 PM display:  filter INPUT
04/04/2017 08:49:17 PM ----------------------------
04/04/2017 08:49:17 PM set iptables filter  INPUT  add  {'action': 'DROP', 'sip': '1.1.1.1', 'protocol': 'tcp', 'ointf': 'eth0', 'iintf': '', 'dport': '', 'sport': '80', 'dip': ''}
04/04/2017 08:49:17 PM +++++++++++++++++++++++++++++
04/04/2017 08:49:17 PM display:  filter INPUT
04/04/2017 08:49:17 PM ----------------------------
04/04/2017 08:49:37 PM 'Chain' object has no attribute '_ShowIptables__get_rules'
04/04/2017 08:49:37 PM +++++++++++++++++++++++++++++
04/04/2017 08:49:37 PM display:  filter INPUT
04/04/2017 08:49:37 PM ----------------------------
04/04/2017 08:49:37 PM set iptables filter  INPUT  add  {'action': 'DROP', 'sip': '1.1.1.1', 'protocol': 'tcp', 'ointf': 'eth0', 'iintf': '', 'dport': '', 'sport': '80', 'dip': ''}
04/04/2017 08:49:37 PM +++++++++++++++++++++++++++++
04/04/2017 08:49:37 PM display:  filter INPUT
04/04/2017 08:49:37 PM ----------------------------
04/04/2017 08:50:07 PM 'Chain' object has no attribute '_ShowIptables__get_rules'
04/04/2017 08:50:07 PM +++++++++++++++++++++++++++++
04/04/2017 08:50:07 PM display:  filter INPUT
04/04/2017 08:50:07 PM ----------------------------
04/04/2017 08:50:07 PM set iptables filter  INPUT  add  {'action': 'DROP', 'sip': '1.1.1.1', 'protocol': 'tcp', 'ointf': 'eth0', 'iintf': '', 'dport': '', 'sport': '80', 'dip': ''}
04/04/2017 08:50:08 PM +++++++++++++++++++++++++++++
04/04/2017 08:50:08 PM display:  filter INPUT
04/04/2017 08:50:08 PM ----------------------------
04/04/2017 08:55:11 PM 'Chain' object has no attribute '_ShowIptables__get_rules'
04/04/2017 08:55:11 PM +++++++++++++++++++++++++++++
04/04/2017 08:55:11 PM display:  filter INPUT
04/04/2017 08:55:11 PM ----------------------------
04/04/2017 08:55:11 PM set iptables filter  INPUT  add  {'action': 'DROP', 'sip': '192.168.0.9', 'protocol': 'icmp', 'ointf': 'eth0', 'iintf': '', 'dport': '', 'sport': '', 'dip': ''}
04/04/2017 08:55:11 PM +++++++++++++++++++++++++++++
04/04/2017 08:55:11 PM display:  filter INPUT
04/04/2017 08:55:11 PM ----------------------------
04/04/2017 08:56:25 PM 'Chain' object has no attribute '_ShowIptables__get_rules'
04/04/2017 08:56:25 PM +++++++++++++++++++++++++++++
04/04/2017 08:56:25 PM display:  filter INPUT
04/04/2017 08:56:25 PM ----------------------------
04/04/2017 08:56:25 PM set iptables filter  INPUT  add  {'action': 'DROP', 'sip': '0.0.0.0', 'protocol': 'icmp', 'ointf': 'eth0', 'iintf': '', 'dport': '', 'sport': '', 'dip': '192.168.0.105'}
04/04/2017 08:56:25 PM +++++++++++++++++++++++++++++
04/04/2017 08:56:25 PM display:  filter INPUT
04/04/2017 08:56:25 PM ----------------------------
04/04/2017 08:57:21 PM 'Chain' object has no attribute '_ShowIptables__get_rules'
04/04/2017 08:57:21 PM +++++++++++++++++++++++++++++
04/04/2017 08:57:21 PM display:  filter INPUT
04/04/2017 08:57:21 PM ----------------------------
04/04/2017 08:57:21 PM set iptables filter  INPUT  add  {'action': 'DROP', 'sip': '0.0.0.0', 'protocol': 'icmp', 'ointf': 'eth0', 'iintf': '', 'dport': '', 'sport': '', 'dip': '0.0.0.0'}
04/04/2017 08:57:21 PM +++++++++++++++++++++++++++++
04/04/2017 08:57:21 PM display:  filter INPUT
04/04/2017 08:57:21 PM ----------------------------
04/04/2017 08:57:26 PM 'Chain' object has no attribute '_ShowIptables__get_rules'
04/04/2017 08:57:26 PM +++++++++++++++++++++++++++++
04/04/2017 08:57:26 PM display:  filter INPUT
04/04/2017 08:57:26 PM ----------------------------
04/04/2017 08:57:26 PM set iptables filter  INPUT  add  {'action': 'DROP', 'sip': '0.0.0.0', 'protocol': 'icmp', 'ointf': 'eth0', 'iintf': '', 'dport': '', 'sport': '', 'dip': '0.0.0.0'}
04/04/2017 08:57:26 PM +++++++++++++++++++++++++++++
04/04/2017 08:57:26 PM display:  filter INPUT
04/04/2017 08:57:26 PM ----------------------------
04/04/2017 08:58:44 PM 'Chain' object has no attribute '_ShowIptables__get_rules'
04/04/2017 08:58:44 PM +++++++++++++++++++++++++++++
04/04/2017 08:58:44 PM display:  filter INPUT
04/04/2017 08:58:44 PM ----------------------------
04/04/2017 08:58:44 PM set iptables filter  OUTPUT  add  {'action': 'DROP', 'sip': '0.0.0.0', 'protocol': 'icmp', 'ointf': 'eth0', 'iintf': '', 'dport': '', 'sport': '', 'dip': '192.168.0.9'}
04/04/2017 08:58:44 PM +++++++++++++++++++++++++++++
04/04/2017 08:58:44 PM display:  filter INPUT
04/04/2017 08:58:44 PM ----------------------------
04/04/2017 08:59:16 PM 'Chain' object has no attribute '_ShowIptables__get_rules'
04/04/2017 08:59:16 PM +++++++++++++++++++++++++++++
04/04/2017 08:59:16 PM display:  filter INPUT
04/04/2017 08:59:16 PM ----------------------------
04/04/2017 08:59:16 PM set iptables filter  OUTPUT  add  {'action': 'DROP', 'sip': '0.0.0.0', 'protocol': 'icmp', 'ointf': 'eth0', 'iintf': '', 'dport': '', 'sport': '', 'dip': '192.168.0.9'}
04/04/2017 08:59:16 PM +++++++++++++++++++++++++++++
04/04/2017 08:59:16 PM display:  filter OUTPUT
04/04/2017 08:59:16 PM ----------------------------
04/04/2017 09:01:31 PM 'Chain' object has no attribute '_ShowIptables__get_rules'
04/04/2017 09:01:31 PM +++++++++++++++++++++++++++++
04/04/2017 09:01:31 PM display:  filter INPUT
04/04/2017 09:01:31 PM ----------------------------
04/04/2017 09:01:31 PM set iptables filter  OUTPUT  add  {'action': 'REJECT', 'sip': '0.0.0.0', 'protocol': 'icmp', 'ointf': 'eth0', 'iintf': '', 'dport': '', 'sport': '', 'dip': '192.168.0.9'}
04/04/2017 09:01:31 PM +++++++++++++++++++++++++++++
04/04/2017 09:01:31 PM display:  filter OUTPUT
04/04/2017 09:01:31 PM ----------------------------
04/04/2017 09:01:55 PM 'Chain' object has no attribute '_ShowIptables__get_rules'
04/04/2017 09:01:55 PM +++++++++++++++++++++++++++++
04/04/2017 09:01:55 PM display:  filter INPUT
04/04/2017 09:01:55 PM ----------------------------
04/04/2017 09:01:55 PM set iptables filter  OUTPUT  add  {'action': 'REJECT', 'sip': '0.0.0.0', 'protocol': 'icmp', 'ointf': 'eth0', 'iintf': '', 'dport': '', 'sport': '', 'dip': '0.0.0.0'}
04/04/2017 09:01:55 PM +++++++++++++++++++++++++++++
04/04/2017 09:01:55 PM display:  filter OUTPUT
04/04/2017 09:01:55 PM ----------------------------
04/04/2017 09:03:26 PM 'Chain' object has no attribute '_ShowIptables__get_rules'
04/04/2017 09:03:26 PM +++++++++++++++++++++++++++++
04/04/2017 09:03:26 PM display:  filter INPUT
04/04/2017 09:03:26 PM ----------------------------
04/04/2017 09:03:26 PM set iptables filter  OUTPUT  add  {'action': 'REJECT', 'sip': '0.0.0.0', 'protocol': 'tcp', 'ointf': 'eth0', 'iintf': '', 'dport': '', 'sport': '', 'dip': '0.0.0.0'}
04/04/2017 09:03:26 PM +++++++++++++++++++++++++++++
04/04/2017 09:03:26 PM display:  filter OUTPUT
04/04/2017 09:03:26 PM ----------------------------
04/04/2017 09:04:17 PM 'Chain' object has no attribute '_ShowIptables__get_rules'
04/04/2017 09:04:17 PM +++++++++++++++++++++++++++++
04/04/2017 09:04:17 PM display:  filter INPUT
04/04/2017 09:04:17 PM ----------------------------
04/04/2017 09:04:17 PM set iptables filter  OUTPUT  add  {'action': 'REJECT', 'sip': '0.0.0.0', 'protocol': 'tcp', 'ointf': 'eth0', 'iintf': 'eth0', 'dport': '', 'sport': '', 'dip': '0.0.0.0'}
04/04/2017 09:04:17 PM +++++++++++++++++++++++++++++
04/04/2017 09:04:17 PM display:  filter OUTPUT
04/04/2017 09:04:17 PM ----------------------------
04/04/2017 09:04:43 PM 'Chain' object has no attribute '_ShowIptables__get_rules'
04/04/2017 09:04:43 PM +++++++++++++++++++++++++++++
04/04/2017 09:04:43 PM display:  filter INPUT
04/04/2017 09:04:43 PM ----------------------------
04/04/2017 09:04:43 PM set iptables filter  INPUT  add  {'action': 'REJECT', 'sip': '0.0.0.0', 'protocol': 'icmp', 'ointf': 'eth0', 'iintf': 'eth0', 'dport': '', 'sport': '', 'dip': '0.0.0.0'}
04/04/2017 09:04:43 PM +++++++++++++++++++++++++++++
04/04/2017 09:04:43 PM display:  filter OUTPUT
04/04/2017 09:04:43 PM ----------------------------
04/04/2017 09:07:29 PM 'Chain' object has no attribute '_ShowIptables__get_rules'
04/04/2017 09:07:29 PM +++++++++++++++++++++++++++++
04/04/2017 09:07:29 PM display:  filter INPUT
04/04/2017 09:07:29 PM ----------------------------
04/04/2017 09:07:29 PM set iptables filter  INPUT  add  {'action': 'REJECT', 'sip': '192.168.0.9', 'protocol': 'icmp', 'ointf': 'eth0', 'iintf': 'eth0', 'dport': '', 'sport': '', 'dip': '192.168.0.105'}
04/04/2017 09:07:29 PM +++++++++++++++++++++++++++++
04/04/2017 09:07:29 PM display:  filter OUTPUT
04/04/2017 09:07:29 PM ----------------------------
04/04/2017 09:14:11 PM 'Chain' object has no attribute '_ShowIptables__get_rules'
04/04/2017 09:14:11 PM +++++++++++++++++++++++++++++
04/04/2017 09:14:11 PM display:  filter INPUT
04/04/2017 09:14:11 PM ----------------------------
04/04/2017 09:14:11 PM set iptables filter  INPUT  add  {'action': 'REJECT', 'sip': '', 'protocol': 'icmp', 'ointf': 'eth0', 'iintf': '', 'dport': '', 'sport': '', 'dip': ''}
04/04/2017 09:14:11 PM +++++++++++++++++++++++++++++
04/04/2017 09:14:11 PM display:  filter OUTPUT
04/04/2017 09:14:11 PM ----------------------------
04/04/2017 09:15:48 PM 'Chain' object has no attribute '_ShowIptables__get_rules'
04/04/2017 09:15:48 PM +++++++++++++++++++++++++++++
04/04/2017 09:15:48 PM display:  filter INPUT
04/04/2017 09:15:48 PM ----------------------------
04/04/2017 09:15:48 PM set iptables filter  INPUT  add  {'action': 'REJECT', 'sip': '', 'protocol': 'icmp', 'ointf': '', 'iintf': '', 'dport': '', 'sport': '', 'dip': ''}
04/04/2017 09:15:48 PM +++++++++++++++++++++++++++++
04/04/2017 09:15:48 PM display:  filter OUTPUT
04/04/2017 09:15:48 PM ----------------------------
