# yersinia v0.7.3 started in merlin on Mon Apr 24 17:49:52 2017

Network Interface eth0

 eth0 iflinkname EN10MB
 eth0 iflinkdesc Ethernet
 eth0 MAC = 000c.29d7.9436
Network Interface lo

 lo iflinkname EN10MB
 lo iflinkdesc Ethernet
 lo MAC = 0000.0000.0000
Network Interface bluetooth0
Network Interface nflog
Network Interface nfqueue
Network Interface usbmon1
pcap_open_live failed: usbmon1: Can't open USB bus file /sys/kernel/debug/usbmon/1t: No such file or directory
Network Interface usbmon2
pcap_open_live failed: usbmon2: Can't open USB bus file /sys/kernel/debug/usbmon/2t: No such file or directory

 th_uptime thread = -1203607808

 gtk_gui_th = -1212000512
 eth0 libnet_handler B017E490
Clearing stats for protocol(s) 1...
